* using log directory 'C:/Users/aseaku/Documents/GitHub/NEON-stream-discharge/shinyApp/neonStageQPlotApp/stageQPlot.Rcheck'
* using R version 4.1.0 (2021-05-18)
* using platform: x86_64-w64-mingw32 (64-bit)
* using session charset: ISO8859-1
* using options '--no-manual --as-cran'
* checking for file 'stageQPlot/DESCRIPTION' ... OK
* checking extension type ... Package
* this is package 'stageQPlot' version '0.1.0'
* package encoding: UTF-8
* checking package namespace information ... OK
* checking package dependencies ... OK
* checking if this is a source package ... OK
* checking if there is a namespace ... OK
* checking for executable files ... OK
* checking for hidden files and directories ... OK
* checking for portable file names ... OK
* checking serialization versions ... OK
* checking whether package 'stageQPlot' can be installed ... ERROR
Installation failed.
See 'C:/Users/aseaku/Documents/GitHub/NEON-stream-discharge/shinyApp/neonStageQPlotApp/stageQPlot.Rcheck/00install.out' for details.
* DONE
Status: 1 ERROR
