* using log directory 'C:/Users/aseaku/Documents/GitHub/NEON-stream-discharge/shinyApp/neonStageQPlotApp/neonStageQplot.Rcheck'
* using R version 4.1.0 (2021-05-18)
* using platform: x86_64-w64-mingw32 (64-bit)
* using session charset: ISO8859-1
* using options '--no-manual --as-cran'
* checking for file 'neonStageQplot/DESCRIPTION' ... OK
* checking extension type ... Package
* this is package 'neonStageQplot' version '0.1.0'
* package encoding: UTF-8
* checking package namespace information ... OK
* checking package dependencies ... OK
* checking if this is a source package ... OK
* checking if there is a namespace ... OK
* checking for executable files ... OK
* checking for hidden files and directories ... OK
* checking for portable file names ... OK
* checking serialization versions ... OK
* checking whether package 'neonStageQplot' can be installed ... OK
* checking installed package size ... OK
* checking package directory ... OK
* checking for future file timestamps ... OK
* checking DESCRIPTION meta-information ... NOTE
Malformed Description field: should contain one or more complete sentences.
Invalid license file pointers: LICENSE
* checking top-level files ... OK
* checking for left-over files ... OK
* checking index information ... OK
* checking package subdirectories ... OK
* checking R files for non-ASCII characters ... OK
* checking R files for syntax errors ... OK
* checking whether the package can be loaded ... OK
* checking whether the package can be loaded with stated dependencies ... OK
* checking whether the package can be unloaded cleanly ... OK
* checking whether the namespace can be loaded with stated dependencies ... OK
* checking whether the namespace can be unloaded cleanly ... OK
* checking loading without being on the library search path ... OK
* checking dependencies in R code ... WARNING
'::' or ':::' imports not declared from:
  'dplyr' 'readr' 'stringr' 'tidyr'
* checking S3 generic/method consistency ... OK
* checking replacement functions ... OK
* checking foreign function calls ... OK
* checking R code for possible problems ... NOTE
run.RC.cont.Q.app.plot.R: no visible global function definition for
  'fluidPage'
run.RC.cont.Q.app.plot.R: no visible global function definition for
  'fluidRow'
run.RC.cont.Q.app.plot.R: no visible global function definition for
  'column'
run.RC.cont.Q.app.plot.R: no visible binding for global variable 'tags'
run.RC.cont.Q.app.plot.R: no visible global function definition for
  'selectInput'
run.RC.cont.Q.app.plot.R: no visible global function definition for
  'dateRangeInput'
run.RC.cont.Q.app.plot.R: no visible global function definition for
  'actionButton'
run.RC.cont.Q.app.plot.R: no visible global function definition for
  'checkboxInput'
run.RC.cont.Q.app.plot.R: no visible global function definition for
  'uiOutput'
run.RC.cont.Q.app.plot.R: no visible global function definition for
  'textOutput'
run.RC.cont.Q.app.plot.R: no visible global function definition for
  'tabsetPanel'
run.RC.cont.Q.app.plot.R: no visible global function definition for
  'tabPanel'
run.RC.cont.Q.app.plot.R : server: no visible global function
  definition for 'updateSelectInput'
run.RC.cont.Q.app.plot.R : server: no visible binding for global
  variable 'siteID'
run.RC.cont.Q.app.plot.R : server: no visible binding for global
  variable 'upstreamWatershedAreaKM2'
run.RC.cont.Q.app.plot.R : server: no visible binding for global
  variable 'reachSlopeM'
run.RC.cont.Q.app.plot.R : server: no visible binding for global
  variable 'averageBankfullWidthM'
run.RC.cont.Q.app.plot.R : server: no visible binding for global
  variable 'd50ParticleSizeMM'
run.RC.cont.Q.app.plot.R : server: no visible global function
  definition for 'mutate_all'
run.RC.cont.Q.app.plot.R : server: no visible global function
  definition for 'pivot_longer'
run.RC.cont.Q.app.plot.R : server: no visible global function
  definition for 'renderText'
run.RC.cont.Q.app.plot.R : server: no visible global function
  definition for 'isolate'
run.RC.cont.Q.app.plot.R : server: no visible global function
  definition for 'a'
run.RC.cont.Q.app.plot.R : server: no visible global function
  definition for 'renderUI'
run.RC.cont.Q.app.plot.R : server: no visible global function
  definition for 'tagList'
run.RC.cont.Q.app.plot.R : server: no visible global function
  definition for 'withProgress'
run.RC.cont.Q.app.plot.R : server: no visible global function
  definition for 'incProgress'
run.RC.cont.Q.app.plot.R : server: no visible global function
  definition for 'getDefaultReactiveDomain'
run.RC.cont.Q.app.plot.R : server: no visible binding for global
  variable 'curveID'
run.RC.cont.Q.app.plot.R : server: no visible binding for global
  variable 'gaugeEventID'
run.RC.cont.Q.app.plot.R : server: no visible binding for global
  variable 'gaugeHeight'
run.RC.cont.Q.app.plot.R : server: no visible binding for global
  variable 'streamDischarge'
run.RC.cont.Q.app.plot.R : server: no visible binding for global
  variable 'regressionID'
run.RC.cont.Q.app.plot.R : server: no visible binding for global
  variable 'gauge_Height'
run.RC.cont.Q.app.plot.R : server: no visible binding for global
  variable 'maxpostDischarge'
run.RC.cont.Q.app.plot.R : server: no visible binding for global
  variable 'equivalentStage'
run.RC.cont.Q.app.plot.R : server: no visible binding for global
  variable 'stageUnc'
run.RC.cont.Q.app.plot.R : server: no visible binding for global
  variable 'withRemnUncQUpper2Std'
run.RC.cont.Q.app.plot.R : server: no visible binding for global
  variable 'withRemnUncQLower2Std'
run.RC.cont.Q.app.plot.R : server: no visible binding for global
  variable 'withParaUncQUpper2Std'
run.RC.cont.Q.app.plot.R : server: no visible binding for global
  variable 'withParaUncQLower2Std'
run.RC.cont.Q.app.plot.R : server: no visible binding for global
  variable 'dischargeFinalQF'
run.RC.cont.Q.app.plot.R : server: no visible binding for global
  variable 'dischargeFinalQFSciRvw'
run.RC.cont.Q.app.plot.R : server: no visible binding for global
  variable 'meanH'
run.RC.cont.Q.app.plot.R : server: no visible binding for global
  variable 'meanHUnc'
run.RC.cont.Q.app.plot.R : server: no visible global function
  definition for 'full_join'
Undefined global functions or variables:
  a actionButton averageBankfullWidthM checkboxInput column curveID
  d50ParticleSizeMM dateRangeInput dischargeFinalQF
  dischargeFinalQFSciRvw equivalentStage fluidPage fluidRow full_join
  gaugeEventID gaugeHeight gauge_Height getDefaultReactiveDomain
  incProgress isolate maxpostDischarge meanH meanHUnc mutate_all
  pivot_longer reachSlopeM regressionID renderText renderUI selectInput
  siteID stageUnc streamDischarge tabPanel tabsetPanel tagList tags
  textOutput uiOutput updateSelectInput upstreamWatershedAreaKM2
  withParaUncQLower2Std withParaUncQUpper2Std withProgress
  withRemnUncQLower2Std withRemnUncQUpper2Std
* checking for missing documentation entries ... OK
* checking examples ... NONE
* checking for non-standard things in the check directory ... OK
* checking for detritus in the temp directory ... OK
* DONE
Status: 1 WARNING, 2 NOTEs
